<?xml version="1.0" encoding="UTF-8"?>
<!-- Generated by org.testng.reporters.JUnitReportReporter -->
<testsuite hostname="DESKTOP-86SV3LD" failures="0" tests="1" name="eazydiner.eazydiner.LocationSearch" time="42.039" errors="0" timestamp="2021-11-20T19:46:51 IST" skipped="0">
  <testcase classname="eazydiner.eazydiner.LocationSearch" name="locatinSearch" time="42.039"/>
  <system-out/>
</testsuite> <!-- eazydiner.eazydiner.LocationSearch -->
